  engine.cpp
C:\Users\jauma\Documents\GitHub\ShadersEngine\Engine\Code\engine.cpp(292,126): warning C4312: 'type cast': conversion from 'unsigned int' to 'const void *' of greater size
C:\Users\jauma\Documents\GitHub\ShadersEngine\Engine\Code\engine.cpp(381,43): warning C4305: 'argument': truncation from 'double' to 'GLfloat'
  platform.cpp
C:\Users\jauma\Documents\GitHub\ShadersEngine\Engine\Code\platform.cpp(43,36): warning C4244: '=': conversion from 'double' to 'T', possible loss of data
          with
          [
              T=float
          ]
C:\Users\jauma\Documents\GitHub\ShadersEngine\Engine\Code\platform.cpp(44,36): warning C4244: '=': conversion from 'double' to 'T', possible loss of data
          with
          [
              T=float
          ]
C:\Users\jauma\Documents\GitHub\ShadersEngine\Engine\Code\platform.cpp(45,29): warning C4244: '=': conversion from 'double' to 'T', possible loss of data
          with
          [
              T=float
          ]
C:\Users\jauma\Documents\GitHub\ShadersEngine\Engine\Code\platform.cpp(46,29): warning C4244: '=': conversion from 'double' to 'T', possible loss of data
          with
          [
              T=float
          ]
  errorHandler.cpp
  GameObject.cpp
  GeometryLoader.cpp
  MeshComponent.cpp
  Renderer.cpp
  textureLoader.cpp
  imgui.cpp
  imgui_demo.cpp
  imgui_draw.cpp
  imgui_impl_glfw.cpp
  imgui_impl_opengl3.cpp
  imgui_tables.cpp
  imgui_widgets.cpp
  stb.cpp
  glad.c
  Generating code
  2525 of 2538 functions (99.5%) were compiled, the rest were copied from previous compilation.
    71 functions were new in current compilation
    2 functions had inline decision re-evaluated but remain unchanged
  Finished generating code
  Engine.vcxproj -> C:\Users\jauma\Documents\GitHub\ShadersEngine\Engine\x64\Release\Engine.exe
