c:\users\jauma\documents\github\shadersengine\engine\x64\release\vc142.pdb
c:\users\jauma\documents\github\shadersengine\engine\x64\release\stb.obj
c:\users\jauma\documents\github\shadersengine\engine\x64\release\imgui_widgets.obj
c:\users\jauma\documents\github\shadersengine\engine\x64\release\imgui_tables.obj
c:\users\jauma\documents\github\shadersengine\engine\x64\release\imgui_impl_opengl3.obj
c:\users\jauma\documents\github\shadersengine\engine\x64\release\imgui_impl_glfw.obj
c:\users\jauma\documents\github\shadersengine\engine\x64\release\imgui_draw.obj
c:\users\jauma\documents\github\shadersengine\engine\x64\release\imgui_demo.obj
c:\users\jauma\documents\github\shadersengine\engine\x64\release\imgui.obj
c:\users\jauma\documents\github\shadersengine\engine\x64\release\textureloader.obj
c:\users\jauma\documents\github\shadersengine\engine\x64\release\renderer.obj
c:\users\jauma\documents\github\shadersengine\engine\x64\release\meshcomponent.obj
c:\users\jauma\documents\github\shadersengine\engine\x64\release\geometryloader.obj
c:\users\jauma\documents\github\shadersengine\engine\x64\release\gameobject.obj
c:\users\jauma\documents\github\shadersengine\engine\x64\release\errorhandler.obj
c:\users\jauma\documents\github\shadersengine\engine\x64\release\platform.obj
c:\users\jauma\documents\github\shadersengine\engine\x64\release\engine.obj
c:\users\jauma\documents\github\shadersengine\engine\x64\release\glad.obj
c:\users\jauma\documents\github\shadersengine\engine\x64\release\engine.ipdb
c:\users\jauma\documents\github\shadersengine\engine\x64\release\engine.iobj
c:\users\jauma\documents\github\shadersengine\engine\x64\release\engine.exe
c:\users\jauma\documents\github\shadersengine\engine\x64\release\engine.pdb
c:\users\jauma\documents\github\shadersengine\engine\x64\release\engine.tlog\cl.command.1.tlog
c:\users\jauma\documents\github\shadersengine\engine\x64\release\engine.tlog\cl.read.1.tlog
c:\users\jauma\documents\github\shadersengine\engine\x64\release\engine.tlog\cl.write.1.tlog
c:\users\jauma\documents\github\shadersengine\engine\x64\release\engine.tlog\engine.write.1u.tlog
c:\users\jauma\documents\github\shadersengine\engine\x64\release\engine.tlog\link.command.1.tlog
c:\users\jauma\documents\github\shadersengine\engine\x64\release\engine.tlog\link.read.1.tlog
c:\users\jauma\documents\github\shadersengine\engine\x64\release\engine.tlog\link.write.1.tlog
